<?xml version="1.0" encoding="UTF-8"?>
<!-- Generated by org.testng.reporters.JUnitReportReporter -->
<testsuite hostname="LAPTOP-PJCFO5Q3" failures="0" tests="1" name="package123.workingwithmodular" time="6.028" errors="0" timestamp="2023-09-07T11:52:25 IST" skipped="0">
  <testcase classname="package123.workingwithmodular" name="TC" time="6.028"/>
</testsuite> <!-- package123.workingwithmodular -->
