<?xml version="1.0" encoding="UTF-8"?>
<!-- Generated by org.testng.reporters.JUnitReportReporter -->
<testsuite hostname="LAPTOP-PJCFO5Q3" failures="0" tests="1" name="newpackage.kareclouds3" time="0.049" errors="0" timestamp="2023-09-07T17:01:43 IST" skipped="0">
  <testcase classname="newpackage.kareclouds3" name="data" time="0.049"/>
</testsuite> <!-- newpackage.kareclouds3 -->
